# JRE version: 7.0_25-b15
# Java VM: Java HotSpot(TM) 64-Bit Server VM (23.25-b01 mixed mode linux-amd64 compressed oops)
Heap
 def new generation   total 22592K, used 19674K [0x0000000080000000, 0x0000000081880000, 0x0000000095550000)
  eden space 20096K,  92% used [0x0000000080000000, 0x0000000081218600, 0x00000000813a0000)
  from space 2496K,  45% used [0x0000000081610000, 0x000000008172e528, 0x0000000081880000)
  to   space 2496K,   0% used [0x00000000813a0000, 0x00000000813a0000, 0x0000000081610000)
 tenured generation   total 50036K, used 29564K [0x0000000095550000, 0x000000009862d000, 0x00000000c0000000)
   the space 50036K,  59% used [0x0000000095550000, 0x000000009722f218, 0x000000009722f400, 0x000000009862d000)
 compacting perm gen  total 66688K, used 66590K [0x00000000c0000000, 0x00000000c4120000, 0x0000000100000000)
   the space 66688K,  99% used [0x00000000c0000000, 0x00000000c4107b68, 0x00000000c4107c00, 0x00000000c4120000)
GC Heap History (10 events):
Event: 159.543 GC heap before
{Heap before GC invocations=54 (full 7):
 def new generation   total 22592K, used 22480K [0x0000000080000000, 0x0000000081880000, 0x0000000095550000)
  eden space 20096K, 100% used [0x0000000080000000, 0x00000000813a0000, 0x00000000813a0000)
  from space 2496K,  95% used [0x0000000081610000, 0x0000000081864200, 0x0000000081880000)
  to   space 2496K,   0% used [0x00000000813a0000, 0x00000000813a0000, 0x0000000081610000)
 tenured generation   total 50036K, used 30020K [0x0000000095550000, 0x000000009862d000, 0x00000000c0000000)
   the space 50036K,  59% used [0x0000000095550000, 0x00000000972a1238, 0x00000000972a1400, 0x000000009862d000)
 compacting perm gen  total 64448K, used 64182K [0x00000000c0000000, 0x00000000c3ef0000, 0x0000000100000000)
   the space 64448K,  99% used [0x00000000c0000000, 0x00000000c3ead9a8, 0x00000000c3eada00, 0x00000000c3ef0000)
No shared spaces configured.
Event: 159.551 GC heap after
Heap after GC invocations=55 (full 7):
 def new generation   total 22592K, used 1911K [0x0000000080000000, 0x0000000081880000, 0x0000000095550000)
  eden space 20096K,   0% used [0x0000000080000000, 0x0000000080000000, 0x00000000813a0000)
  from space 2496K,  76% used [0x00000000813a0000, 0x000000008157de60, 0x0000000081610000)
  to   space 2496K,   0% used [0x0000000081610000, 0x0000000081610000, 0x0000000081880000)
 tenured generation   total 50036K, used 30706K [0x0000000095550000, 0x000000009862d000, 0x00000000c0000000)
   the space 50036K,  61% used [0x0000000095550000, 0x000000009734c880, 0x000000009734ca00, 0x000000009862d000)
 compacting perm gen  total 64448K, used 64182K [0x00000000c0000000, 0x00000000c3ef0000, 0x0000000100000000)
   the space 64448K,  99% used [0x00000000c0000000, 0x00000000c3ead9a8, 0x00000000c3eada00, 0x00000000c3ef0000)
No shared spaces configured.
}
Event: 159.632 GC heap before
{Heap before GC invocations=55 (full 7):
 def new generation   total 22592K, used 5521K [0x0000000080000000, 0x0000000081880000, 0x0000000095550000)
  eden space 20096K,  17% used [0x0000000080000000, 0x0000000080386700, 0x00000000813a0000)
  from space 2496K,  76% used [0x00000000813a0000, 0x000000008157de60, 0x0000000081610000)
  to   space 2496K,   0% used [0x0000000081610000, 0x0000000081610000, 0x0000000081880000)
 tenured generation   total 50036K, used 30706K [0x0000000095550000, 0x000000009862d000, 0x00000000c0000000)
   the space 50036K,  61% used [0x0000000095550000, 0x000000009734c880, 0x000000009734ca00, 0x000000009862d000)
 compacting perm gen  total 64768K, used 64766K [0x00000000c0000000, 0x00000000c3f40000, 0x0000000100000000)
   the space 64768K,  99% used [0x00000000c0000000, 0x00000000c3f3fa18, 0x00000000c3f3fc00, 0x00000000c3f40000)
No shared spaces configured.
Event: 159.883 GC heap after
Heap after GC invocations=56 (full 8):
 def new generation   total 22592K, used 0K [0x0000000080000000, 0x0000000081880000, 0x0000000095550000)
  eden space 20096K,   0% used [0x0000000080000000, 0x0000000080000000, 0x00000000813a0000)
  from space 2496K,   0% used [0x00000000813a0000, 0x00000000813a0000, 0x0000000081610000)
  to   space 2496K,   0% used [0x0000000081610000, 0x0000000081610000, 0x0000000081880000)
 tenured generation   total 50036K, used 29016K [0x0000000095550000, 0x000000009862d000, 0x00000000c0000000)
   the space 50036K,  57% used [0x0000000095550000, 0x00000000971a6040, 0x00000000971a6200, 0x000000009862d000)
 compacting perm gen  total 64768K, used 64717K [0x00000000c0000000, 0x00000000c3f40000, 0x0000000100000000)
   the space 64768K,  99% used [0x00000000c0000000, 0x00000000c3f33720, 0x00000000c3f33800, 0x00000000c3f40000)
No shared spaces configured.
}
Event: 160.180 GC heap before
{Heap before GC invocations=56 (full 8):
 def new generation   total 22592K, used 20096K [0x0000000080000000, 0x0000000081880000, 0x0000000095550000)
  eden space 20096K, 100% used [0x0000000080000000, 0x00000000813a0000, 0x00000000813a0000)
  from space 2496K,   0% used [0x00000000813a0000, 0x00000000813a0000, 0x0000000081610000)
  to   space 2496K,   0% used [0x0000000081610000, 0x0000000081610000, 0x0000000081880000)
 tenured generation   total 50036K, used 29016K [0x0000000095550000, 0x000000009862d000, 0x00000000c0000000)
   the space 50036K,  57% used [0x0000000095550000, 0x00000000971a6040, 0x00000000971a6200, 0x000000009862d000)
 compacting perm gen  total 66048K, used 65762K [0x00000000c0000000, 0x00000000c4080000, 0x0000000100000000)
   the space 66048K,  99% used [0x00000000c0000000, 0x00000000c4038a88, 0x00000000c4038c00, 0x00000000c4080000)
No shared spaces configured.
Event: 160.187 GC heap after
Heap after GC invocations=57 (full 8):
 def new generation   total 22592K, used 1225K [0x0000000080000000, 0x0000000081880000, 0x0000000095550000)
  eden space 20096K,   0% used [0x0000000080000000, 0x0000000080000000, 0x00000000813a0000)
  from space 2496K,  49% used [0x0000000081610000, 0x0000000081742650, 0x0000000081880000)
  to   space 2496K,   0% used [0x00000000813a0000, 0x00000000813a0000, 0x0000000081610000)
 tenured generation   total 50036K, used 29016K [0x0000000095550000, 0x000000009862d000, 0x00000000c0000000)
   the space 50036K,  57% used [0x0000000095550000, 0x00000000971a6040, 0x00000000971a6200, 0x000000009862d000)
 compacting perm gen  total 66048K, used 65762K [0x00000000c0000000, 0x00000000c4080000, 0x0000000100000000)
   the space 66048K,  99% used [0x00000000c0000000, 0x00000000c4038a88, 0x00000000c4038c00, 0x00000000c4080000)
No shared spaces configured.
}
Event: 160.783 GC heap before
{Heap before GC invocations=57 (full 8):
 def new generation   total 22592K, used 21321K [0x0000000080000000, 0x0000000081880000, 0x0000000095550000)
  eden space 20096K, 100% used [0x0000000080000000, 0x00000000813a0000, 0x00000000813a0000)
  from space 2496K,  49% used [0x0000000081610000, 0x0000000081742650, 0x0000000081880000)
  to   space 2496K,   0% used [0x00000000813a0000, 0x00000000813a0000, 0x0000000081610000)
 tenured generation   total 50036K, used 29016K [0x0000000095550000, 0x000000009862d000, 0x00000000c0000000)
   the space 50036K,  57% used [0x0000000095550000, 0x00000000971a6040, 0x00000000971a6200, 0x000000009862d000)
 compacting perm gen  total 66368K, used 66356K [0x00000000c0000000, 0x00000000c40d0000, 0x0000000100000000)
   the space 66368K,  99% used [0x00000000c0000000, 0x00000000c40cd380, 0x00000000c40cd400, 0x00000000c40d0000)
No shared spaces configured.
Event: 160.789 GC heap after
Heap after GC invocations=58 (full 8):
 def new generation   total 22592K, used 1556K [0x0000000080000000, 0x0000000081880000, 0x0000000095550000)
  eden space 20096K,   0% used [0x0000000080000000, 0x0000000080000000, 0x00000000813a0000)
  from space 2496K,  62% used [0x00000000813a0000, 0x0000000081525220, 0x0000000081610000)
  to   space 2496K,   0% used [0x0000000081610000, 0x0000000081610000, 0x0000000081880000)
 tenured generation   total 50036K, used 29016K [0x0000000095550000, 0x000000009862d000, 0x00000000c0000000)
   the space 50036K,  57% used [0x0000000095550000, 0x00000000971a6040, 0x00000000971a6200, 0x000000009862d000)
 compacting perm gen  total 66368K, used 66356K [0x00000000c0000000, 0x00000000c40d0000, 0x0000000100000000)
   the space 66368K,  99% used [0x00000000c0000000, 0x00000000c40cd380, 0x00000000c40cd400, 0x00000000c40d0000)
No shared spaces configured.
}
Event: 161.284 GC heap before
{Heap before GC invocations=58 (full 8):
 def new generation   total 22592K, used 21652K [0x0000000080000000, 0x0000000081880000, 0x0000000095550000)
  eden space 20096K, 100% used [0x0000000080000000, 0x00000000813a0000, 0x00000000813a0000)
  from space 2496K,  62% used [0x00000000813a0000, 0x0000000081525220, 0x0000000081610000)
  to   space 2496K,   0% used [0x0000000081610000, 0x0000000081610000, 0x0000000081880000)
 tenured generation   total 50036K, used 29016K [0x0000000095550000, 0x000000009862d000, 0x00000000c0000000)
   the space 50036K,  57% used [0x0000000095550000, 0x00000000971a6040, 0x00000000971a6200, 0x000000009862d000)
 compacting perm gen  total 66688K, used 66437K [0x00000000c0000000, 0x00000000c4120000, 0x0000000100000000)
   the space 66688K,  99% used [0x00000000c0000000, 0x00000000c40e1650, 0x00000000c40e1800, 0x00000000c4120000)
No shared spaces configured.
Event: 161.292 GC heap after
Heap after GC invocations=59 (full 8):
 def new generation   total 22592K, used 1145K [0x0000000080000000, 0x0000000081880000, 0x0000000095550000)
  eden space 20096K,   0% used [0x0000000080000000, 0x0000000080000000, 0x00000000813a0000)
  from space 2496K,  45% used [0x0000000081610000, 0x000000008172e528, 0x0000000081880000)
  to   space 2496K,   0% used [0x00000000813a0000, 0x00000000813a0000, 0x0000000081610000)
 tenured generation   total 50036K, used 29564K [0x0000000095550000, 0x000000009862d000, 0x00000000c0000000)
   the space 50036K,  59% used [0x0000000095550000, 0x000000009722f218, 0x000000009722f400, 0x000000009862d000)
 compacting perm gen  total 66688K, used 66437K [0x00000000c0000000, 0x00000000c4120000, 0x0000000100000000)
   the space 66688K,  99% used [0x00000000c0000000, 0x00000000c40e1650, 0x00000000c40e1800, 0x00000000c4120000)
No shared spaces configured.
}

