# JRE version: 7.0_25-b15
# Java VM: Java HotSpot(TM) 64-Bit Server VM (23.25-b01 mixed mode linux-amd64 compressed oops)
Heap
 def new generation   total 22592K, used 20046K [0x0000000080000000, 0x0000000081880000, 0x0000000095550000)
  eden space 20096K,  94% used [0x0000000080000000, 0x0000000081276088, 0x00000000813a0000)
  from space 2496K,  45% used [0x0000000081610000, 0x000000008172d850, 0x0000000081880000)
  to   space 2496K,   0% used [0x00000000813a0000, 0x00000000813a0000, 0x0000000081610000)
 tenured generation   total 50140K, used 29578K [0x0000000095550000, 0x0000000098647000, 0x00000000c0000000)
   the space 50140K,  58% used [0x0000000095550000, 0x0000000097232bb0, 0x0000000097232c00, 0x0000000098647000)
 compacting perm gen  total 66688K, used 66604K [0x00000000c0000000, 0x00000000c4120000, 0x0000000100000000)
   the space 66688K,  99% used [0x00000000c0000000, 0x00000000c410b1e0, 0x00000000c410b200, 0x00000000c4120000)
GC Heap History (10 events):
Event: 207.441 GC heap before
{Heap before GC invocations=54 (full 7):
 def new generation   total 22592K, used 22478K [0x0000000080000000, 0x0000000081880000, 0x0000000095550000)
  eden space 20096K, 100% used [0x0000000080000000, 0x00000000813a0000, 0x00000000813a0000)
  from space 2496K,  95% used [0x0000000081610000, 0x0000000081863960, 0x0000000081880000)
  to   space 2496K,   0% used [0x00000000813a0000, 0x00000000813a0000, 0x0000000081610000)
 tenured generation   total 50140K, used 30083K [0x0000000095550000, 0x0000000098647000, 0x00000000c0000000)
   the space 50140K,  59% used [0x0000000095550000, 0x00000000972b0de8, 0x00000000972b0e00, 0x0000000098647000)
 compacting perm gen  total 64448K, used 64188K [0x00000000c0000000, 0x00000000c3ef0000, 0x0000000100000000)
   the space 64448K,  99% used [0x00000000c0000000, 0x00000000c3eaf248, 0x00000000c3eaf400, 0x00000000c3ef0000)
No shared spaces configured.
Event: 207.451 GC heap after
Heap after GC invocations=55 (full 7):
 def new generation   total 22592K, used 1920K [0x0000000080000000, 0x0000000081880000, 0x0000000095550000)
  eden space 20096K,   0% used [0x0000000080000000, 0x0000000080000000, 0x00000000813a0000)
  from space 2496K,  76% used [0x00000000813a0000, 0x0000000081580200, 0x0000000081610000)
  to   space 2496K,   0% used [0x0000000081610000, 0x0000000081610000, 0x0000000081880000)
 tenured generation   total 50140K, used 30766K [0x0000000095550000, 0x0000000098647000, 0x00000000c0000000)
   the space 50140K,  61% used [0x0000000095550000, 0x000000009735bb70, 0x000000009735bc00, 0x0000000098647000)
 compacting perm gen  total 64448K, used 64188K [0x00000000c0000000, 0x00000000c3ef0000, 0x0000000100000000)
   the space 64448K,  99% used [0x00000000c0000000, 0x00000000c3eaf248, 0x00000000c3eaf400, 0x00000000c3ef0000)
No shared spaces configured.
}
Event: 207.516 GC heap before
{Heap before GC invocations=55 (full 7):
 def new generation   total 22592K, used 5567K [0x0000000080000000, 0x0000000081880000, 0x0000000095550000)
  eden space 20096K,  18% used [0x0000000080000000, 0x000000008038fc70, 0x00000000813a0000)
  from space 2496K,  76% used [0x00000000813a0000, 0x0000000081580200, 0x0000000081610000)
  to   space 2496K,   0% used [0x0000000081610000, 0x0000000081610000, 0x0000000081880000)
 tenured generation   total 50140K, used 30766K [0x0000000095550000, 0x0000000098647000, 0x00000000c0000000)
   the space 50140K,  61% used [0x0000000095550000, 0x000000009735bb70, 0x000000009735bc00, 0x0000000098647000)
 compacting perm gen  total 64768K, used 64767K [0x00000000c0000000, 0x00000000c3f40000, 0x0000000100000000)
   the space 64768K,  99% used [0x00000000c0000000, 0x00000000c3f3ff60, 0x00000000c3f40000, 0x00000000c3f40000)
No shared spaces configured.
Event: 207.767 GC heap after
Heap after GC invocations=56 (full 8):
 def new generation   total 22592K, used 0K [0x0000000080000000, 0x0000000081880000, 0x0000000095550000)
  eden space 20096K,   0% used [0x0000000080000000, 0x0000000080000000, 0x00000000813a0000)
  from space 2496K,   0% used [0x00000000813a0000, 0x00000000813a0000, 0x0000000081610000)
  to   space 2496K,   0% used [0x0000000081610000, 0x0000000081610000, 0x0000000081880000)
 tenured generation   total 50140K, used 29030K [0x0000000095550000, 0x0000000098647000, 0x00000000c0000000)
   the space 50140K,  57% used [0x0000000095550000, 0x00000000971a9938, 0x00000000971a9a00, 0x0000000098647000)
 compacting perm gen  total 64768K, used 64709K [0x00000000c0000000, 0x00000000c3f40000, 0x0000000100000000)
   the space 64768K,  99% used [0x00000000c0000000, 0x00000000c3f31720, 0x00000000c3f31800, 0x00000000c3f40000)
No shared spaces configured.
}
Event: 208.069 GC heap before
{Heap before GC invocations=56 (full 8):
 def new generation   total 22592K, used 20096K [0x0000000080000000, 0x0000000081880000, 0x0000000095550000)
  eden space 20096K, 100% used [0x0000000080000000, 0x00000000813a0000, 0x00000000813a0000)
  from space 2496K,   0% used [0x00000000813a0000, 0x00000000813a0000, 0x0000000081610000)
  to   space 2496K,   0% used [0x0000000081610000, 0x0000000081610000, 0x0000000081880000)
 tenured generation   total 50140K, used 29030K [0x0000000095550000, 0x0000000098647000, 0x00000000c0000000)
   the space 50140K,  57% used [0x0000000095550000, 0x00000000971a9938, 0x00000000971a9a00, 0x0000000098647000)
 compacting perm gen  total 66048K, used 65756K [0x00000000c0000000, 0x00000000c4080000, 0x0000000100000000)
   the space 66048K,  99% used [0x00000000c0000000, 0x00000000c40371f8, 0x00000000c4037200, 0x00000000c4080000)
No shared spaces configured.
Event: 208.075 GC heap after
Heap after GC invocations=57 (full 8):
 def new generation   total 22592K, used 1226K [0x0000000080000000, 0x0000000081880000, 0x0000000095550000)
  eden space 20096K,   0% used [0x0000000080000000, 0x0000000080000000, 0x00000000813a0000)
  from space 2496K,  49% used [0x0000000081610000, 0x0000000081742bd8, 0x0000000081880000)
  to   space 2496K,   0% used [0x00000000813a0000, 0x00000000813a0000, 0x0000000081610000)
 tenured generation   total 50140K, used 29030K [0x0000000095550000, 0x0000000098647000, 0x00000000c0000000)
   the space 50140K,  57% used [0x0000000095550000, 0x00000000971a9938, 0x00000000971a9a00, 0x0000000098647000)
 compacting perm gen  total 66048K, used 65756K [0x00000000c0000000, 0x00000000c4080000, 0x0000000100000000)
   the space 66048K,  99% used [0x00000000c0000000, 0x00000000c40371f8, 0x00000000c4037200, 0x00000000c4080000)
No shared spaces configured.
}
Event: 208.690 GC heap before
{Heap before GC invocations=57 (full 8):
 def new generation   total 22592K, used 21322K [0x0000000080000000, 0x0000000081880000, 0x0000000095550000)
  eden space 20096K, 100% used [0x0000000080000000, 0x00000000813a0000, 0x00000000813a0000)
  from space 2496K,  49% used [0x0000000081610000, 0x0000000081742bd8, 0x0000000081880000)
  to   space 2496K,   0% used [0x00000000813a0000, 0x00000000813a0000, 0x0000000081610000)
 tenured generation   total 50140K, used 29030K [0x0000000095550000, 0x0000000098647000, 0x00000000c0000000)
   the space 50140K,  57% used [0x0000000095550000, 0x00000000971a9938, 0x00000000971a9a00, 0x0000000098647000)
 compacting perm gen  total 66368K, used 66350K [0x00000000c0000000, 0x00000000c40d0000, 0x0000000100000000)
   the space 66368K,  99% used [0x00000000c0000000, 0x00000000c40cbaf0, 0x00000000c40cbc00, 0x00000000c40d0000)
No shared spaces configured.
Event: 208.697 GC heap after
Heap after GC invocations=58 (full 8):
 def new generation   total 22592K, used 1551K [0x0000000080000000, 0x0000000081880000, 0x0000000095550000)
  eden space 20096K,   0% used [0x0000000080000000, 0x0000000080000000, 0x00000000813a0000)
  from space 2496K,  62% used [0x00000000813a0000, 0x0000000081523d98, 0x0000000081610000)
  to   space 2496K,   0% used [0x0000000081610000, 0x0000000081610000, 0x0000000081880000)
 tenured generation   total 50140K, used 29030K [0x0000000095550000, 0x0000000098647000, 0x00000000c0000000)
   the space 50140K,  57% used [0x0000000095550000, 0x00000000971a9938, 0x00000000971a9a00, 0x0000000098647000)
 compacting perm gen  total 66368K, used 66350K [0x00000000c0000000, 0x00000000c40d0000, 0x0000000100000000)
   the space 66368K,  99% used [0x00000000c0000000, 0x00000000c40cbaf0, 0x00000000c40cbc00, 0x00000000c40d0000)
No shared spaces configured.
}
Event: 209.232 GC heap before
{Heap before GC invocations=58 (full 8):
 def new generation   total 22592K, used 21647K [0x0000000080000000, 0x0000000081880000, 0x0000000095550000)
  eden space 20096K, 100% used [0x0000000080000000, 0x00000000813a0000, 0x00000000813a0000)
  from space 2496K,  62% used [0x00000000813a0000, 0x0000000081523d98, 0x0000000081610000)
  to   space 2496K,   0% used [0x0000000081610000, 0x0000000081610000, 0x0000000081880000)
 tenured generation   total 50140K, used 29030K [0x0000000095550000, 0x0000000098647000, 0x00000000c0000000)
   the space 50140K,  57% used [0x0000000095550000, 0x00000000971a9938, 0x00000000971a9a00, 0x0000000098647000)
 compacting perm gen  total 66688K, used 66431K [0x00000000c0000000, 0x00000000c4120000, 0x0000000100000000)
   the space 66688K,  99% used [0x00000000c0000000, 0x00000000c40dfcb8, 0x00000000c40dfe00, 0x00000000c4120000)
No shared spaces configured.
Event: 209.239 GC heap after
Heap after GC invocations=59 (full 8):
 def new generation   total 22592K, used 1142K [0x0000000080000000, 0x0000000081880000, 0x0000000095550000)
  eden space 20096K,   0% used [0x0000000080000000, 0x0000000080000000, 0x00000000813a0000)
  from space 2496K,  45% used [0x0000000081610000, 0x000000008172d850, 0x0000000081880000)
  to   space 2496K,   0% used [0x00000000813a0000, 0x00000000813a0000, 0x0000000081610000)
 tenured generation   total 50140K, used 29578K [0x0000000095550000, 0x0000000098647000, 0x00000000c0000000)
   the space 50140K,  58% used [0x0000000095550000, 0x0000000097232bb0, 0x0000000097232c00, 0x0000000098647000)
 compacting perm gen  total 66688K, used 66431K [0x00000000c0000000, 0x00000000c4120000, 0x0000000100000000)
   the space 66688K,  99% used [0x00000000c0000000, 0x00000000c40dfcb8, 0x00000000c40dfe00, 0x00000000c4120000)
No shared spaces configured.
}

