# JRE version: 7.0_25-b15
# Java VM: Java HotSpot(TM) 64-Bit Server VM (23.25-b01 mixed mode linux-amd64 compressed oops)
Heap
 def new generation   total 22464K, used 19311K [0x0000000080000000, 0x0000000081860000, 0x0000000095550000)
  eden space 19968K,  90% used [0x0000000080000000, 0x00000000811be2b0, 0x0000000081380000)
  from space 2496K,  45% used [0x00000000815f0000, 0x000000008170db78, 0x0000000081860000)
  to   space 2496K,   0% used [0x0000000081380000, 0x0000000081380000, 0x00000000815f0000)
 tenured generation   total 49804K, used 29644K [0x0000000095550000, 0x00000000985f3000, 0x00000000c0000000)
   the space 49804K,  59% used [0x0000000095550000, 0x00000000972433c0, 0x0000000097243400, 0x00000000985f3000)
 compacting perm gen  total 66688K, used 66491K [0x00000000c0000000, 0x00000000c4120000, 0x0000000100000000)
   the space 66688K,  99% used [0x00000000c0000000, 0x00000000c40eec60, 0x00000000c40eee00, 0x00000000c4120000)
GC Heap History (10 events):
Event: 607.609 GC heap before
{Heap before GC invocations=54 (full 7):
 def new generation   total 22464K, used 22306K [0x0000000080000000, 0x0000000081860000, 0x0000000095550000)
  eden space 19968K, 100% used [0x0000000080000000, 0x0000000081380000, 0x0000000081380000)
  from space 2496K,  93% used [0x00000000815f0000, 0x0000000081838bb0, 0x0000000081860000)
  to   space 2496K,   0% used [0x0000000081380000, 0x0000000081380000, 0x00000000815f0000)
 tenured generation   total 49804K, used 29880K [0x0000000095550000, 0x00000000985f3000, 0x00000000c0000000)
   the space 49804K,  59% used [0x0000000095550000, 0x000000009727e110, 0x000000009727e200, 0x00000000985f3000)
 compacting perm gen  total 64448K, used 64208K [0x00000000c0000000, 0x00000000c3ef0000, 0x0000000100000000)
   the space 64448K,  99% used [0x00000000c0000000, 0x00000000c3eb4370, 0x00000000c3eb4400, 0x00000000c3ef0000)
No shared spaces configured.
Event: 607.618 GC heap after
Heap after GC invocations=55 (full 7):
 def new generation   total 22464K, used 2035K [0x0000000080000000, 0x0000000081860000, 0x0000000095550000)
  eden space 19968K,   0% used [0x0000000080000000, 0x0000000080000000, 0x0000000081380000)
  from space 2496K,  81% used [0x0000000081380000, 0x000000008157cfe8, 0x00000000815f0000)
  to   space 2496K,   0% used [0x00000000815f0000, 0x00000000815f0000, 0x0000000081860000)
 tenured generation   total 49804K, used 30556K [0x0000000095550000, 0x00000000985f3000, 0x00000000c0000000)
   the space 49804K,  61% used [0x0000000095550000, 0x00000000973273d0, 0x0000000097327400, 0x00000000985f3000)
 compacting perm gen  total 64448K, used 64208K [0x00000000c0000000, 0x00000000c3ef0000, 0x0000000100000000)
   the space 64448K,  99% used [0x00000000c0000000, 0x00000000c3eb4370, 0x00000000c3eb4400, 0x00000000c3ef0000)
No shared spaces configured.
}
Event: 607.669 GC heap before
{Heap before GC invocations=55 (full 7):
 def new generation   total 22464K, used 5286K [0x0000000080000000, 0x0000000081860000, 0x0000000095550000)
  eden space 19968K,  16% used [0x0000000080000000, 0x000000008032c910, 0x0000000081380000)
  from space 2496K,  81% used [0x0000000081380000, 0x000000008157cfe8, 0x00000000815f0000)
  to   space 2496K,   0% used [0x00000000815f0000, 0x00000000815f0000, 0x0000000081860000)
 tenured generation   total 49804K, used 30556K [0x0000000095550000, 0x00000000985f3000, 0x00000000c0000000)
   the space 49804K,  61% used [0x0000000095550000, 0x00000000973273d0, 0x0000000097327400, 0x00000000985f3000)
 compacting perm gen  total 64768K, used 64767K [0x00000000c0000000, 0x00000000c3f40000, 0x0000000100000000)
   the space 64768K,  99% used [0x00000000c0000000, 0x00000000c3f3ff80, 0x00000000c3f40000, 0x00000000c3f40000)
No shared spaces configured.
Event: 607.918 GC heap after
Heap after GC invocations=56 (full 8):
 def new generation   total 22464K, used 0K [0x0000000080000000, 0x0000000081860000, 0x0000000095550000)
  eden space 19968K,   0% used [0x0000000080000000, 0x0000000080000000, 0x0000000081380000)
  from space 2496K,   0% used [0x0000000081380000, 0x0000000081380000, 0x00000000815f0000)
  to   space 2496K,   0% used [0x00000000815f0000, 0x00000000815f0000, 0x0000000081860000)
 tenured generation   total 49804K, used 29092K [0x0000000095550000, 0x00000000985f3000, 0x00000000c0000000)
   the space 49804K,  58% used [0x0000000095550000, 0x00000000971b9130, 0x00000000971b9200, 0x00000000985f3000)
 compacting perm gen  total 64768K, used 64717K [0x00000000c0000000, 0x00000000c3f40000, 0x0000000100000000)
   the space 64768K,  99% used [0x00000000c0000000, 0x00000000c3f33538, 0x00000000c3f33600, 0x00000000c3f40000)
No shared spaces configured.
}
Event: 608.154 GC heap before
{Heap before GC invocations=56 (full 8):
 def new generation   total 22464K, used 19968K [0x0000000080000000, 0x0000000081860000, 0x0000000095550000)
  eden space 19968K, 100% used [0x0000000080000000, 0x0000000081380000, 0x0000000081380000)
  from space 2496K,   0% used [0x0000000081380000, 0x0000000081380000, 0x00000000815f0000)
  to   space 2496K,   0% used [0x00000000815f0000, 0x00000000815f0000, 0x0000000081860000)
 tenured generation   total 49804K, used 29092K [0x0000000095550000, 0x00000000985f3000, 0x00000000c0000000)
   the space 49804K,  58% used [0x0000000095550000, 0x00000000971b9130, 0x00000000971b9200, 0x00000000985f3000)
 compacting perm gen  total 66048K, used 65754K [0x00000000c0000000, 0x00000000c4080000, 0x0000000100000000)
   the space 66048K,  99% used [0x00000000c0000000, 0x00000000c4036980, 0x00000000c4036a00, 0x00000000c4080000)
No shared spaces configured.
Event: 608.160 GC heap after
Heap after GC invocations=57 (full 8):
 def new generation   total 22464K, used 1225K [0x0000000080000000, 0x0000000081860000, 0x0000000095550000)
  eden space 19968K,   0% used [0x0000000080000000, 0x0000000080000000, 0x0000000081380000)
  from space 2496K,  49% used [0x00000000815f0000, 0x0000000081722598, 0x0000000081860000)
  to   space 2496K,   0% used [0x0000000081380000, 0x0000000081380000, 0x00000000815f0000)
 tenured generation   total 49804K, used 29092K [0x0000000095550000, 0x00000000985f3000, 0x00000000c0000000)
   the space 49804K,  58% used [0x0000000095550000, 0x00000000971b9130, 0x00000000971b9200, 0x00000000985f3000)
 compacting perm gen  total 66048K, used 65754K [0x00000000c0000000, 0x00000000c4080000, 0x0000000100000000)
   the space 66048K,  99% used [0x00000000c0000000, 0x00000000c4036980, 0x00000000c4036a00, 0x00000000c4080000)
No shared spaces configured.
}
Event: 608.506 GC heap before
{Heap before GC invocations=57 (full 8):
 def new generation   total 22464K, used 21193K [0x0000000080000000, 0x0000000081860000, 0x0000000095550000)
  eden space 19968K, 100% used [0x0000000080000000, 0x0000000081380000, 0x0000000081380000)
  from space 2496K,  49% used [0x00000000815f0000, 0x0000000081722598, 0x0000000081860000)
  to   space 2496K,   0% used [0x0000000081380000, 0x0000000081380000, 0x00000000815f0000)
 tenured generation   total 49804K, used 29092K [0x0000000095550000, 0x00000000985f3000, 0x00000000c0000000)
   the space 49804K,  58% used [0x0000000095550000, 0x00000000971b9130, 0x00000000971b9200, 0x00000000985f3000)
 compacting perm gen  total 66368K, used 66262K [0x00000000c0000000, 0x00000000c40d0000, 0x0000000100000000)
   the space 66368K,  99% used [0x00000000c0000000, 0x00000000c40b5ad0, 0x00000000c40b5c00, 0x00000000c40d0000)
No shared spaces configured.
Event: 608.514 GC heap after
Heap after GC invocations=58 (full 8):
 def new generation   total 22464K, used 1506K [0x0000000080000000, 0x0000000081860000, 0x0000000095550000)
  eden space 19968K,   0% used [0x0000000080000000, 0x0000000080000000, 0x0000000081380000)
  from space 2496K,  60% used [0x0000000081380000, 0x00000000814f8bd8, 0x00000000815f0000)
  to   space 2496K,   0% used [0x00000000815f0000, 0x00000000815f0000, 0x0000000081860000)
 tenured generation   total 49804K, used 29092K [0x0000000095550000, 0x00000000985f3000, 0x00000000c0000000)
   the space 49804K,  58% used [0x0000000095550000, 0x00000000971b9130, 0x00000000971b9200, 0x00000000985f3000)
 compacting perm gen  total 66368K, used 66262K [0x00000000c0000000, 0x00000000c40d0000, 0x0000000100000000)
   the space 66368K,  99% used [0x00000000c0000000, 0x00000000c40b5ad0, 0x00000000c40b5c00, 0x00000000c40d0000)
No shared spaces configured.
}
Event: 609.067 GC heap before
{Heap before GC invocations=58 (full 8):
 def new generation   total 22464K, used 21474K [0x0000000080000000, 0x0000000081860000, 0x0000000095550000)
  eden space 19968K, 100% used [0x0000000080000000, 0x0000000081380000, 0x0000000081380000)
  from space 2496K,  60% used [0x0000000081380000, 0x00000000814f8bd8, 0x00000000815f0000)
  to   space 2496K,   0% used [0x00000000815f0000, 0x00000000815f0000, 0x0000000081860000)
 tenured generation   total 49804K, used 29092K [0x0000000095550000, 0x00000000985f3000, 0x00000000c0000000)
   the space 49804K,  58% used [0x0000000095550000, 0x00000000971b9130, 0x00000000971b9200, 0x00000000985f3000)
 compacting perm gen  total 66368K, used 66335K [0x00000000c0000000, 0x00000000c40d0000, 0x0000000100000000)
   the space 66368K,  99% used [0x00000000c0000000, 0x00000000c40c7df8, 0x00000000c40c7e00, 0x00000000c40d0000)
No shared spaces configured.
Event: 609.080 GC heap after
Heap after GC invocations=59 (full 8):
 def new generation   total 22464K, used 1142K [0x0000000080000000, 0x0000000081860000, 0x0000000095550000)
  eden space 19968K,   0% used [0x0000000080000000, 0x0000000080000000, 0x0000000081380000)
  from space 2496K,  45% used [0x00000000815f0000, 0x000000008170db78, 0x0000000081860000)
  to   space 2496K,   0% used [0x0000000081380000, 0x0000000081380000, 0x00000000815f0000)
 tenured generation   total 49804K, used 29644K [0x0000000095550000, 0x00000000985f3000, 0x00000000c0000000)
   the space 49804K,  59% used [0x0000000095550000, 0x00000000972433c0, 0x0000000097243400, 0x00000000985f3000)
 compacting perm gen  total 66368K, used 66335K [0x00000000c0000000, 0x00000000c40d0000, 0x0000000100000000)
   the space 66368K,  99% used [0x00000000c0000000, 0x00000000c40c7df8, 0x00000000c40c7e00, 0x00000000c40d0000)
No shared spaces configured.
}

