# JRE version: 7.0_25-b15
# Java VM: Java HotSpot(TM) 64-Bit Server VM (23.25-b01 mixed mode linux-amd64 compressed oops)
Heap
 def new generation   total 22464K, used 5709K [0x0000000080000000, 0x0000000081860000, 0x0000000095550000)
  eden space 19968K,  19% used [0x0000000080000000, 0x00000000803dfa90, 0x0000000081380000)
  from space 2496K,  69% used [0x0000000081380000, 0x0000000081533ba0, 0x00000000815f0000)
  to   space 2496K,   0% used [0x00000000815f0000, 0x00000000815f0000, 0x0000000081860000)
 tenured generation   total 49840K, used 29719K [0x0000000095550000, 0x00000000985fc000, 0x00000000c0000000)
   the space 49840K,  59% used [0x0000000095550000, 0x0000000097255f10, 0x0000000097256000, 0x00000000985fc000)
 compacting perm gen  total 66688K, used 66512K [0x00000000c0000000, 0x00000000c4120000, 0x0000000100000000)
   the space 66688K,  99% used [0x00000000c0000000, 0x00000000c40f43c0, 0x00000000c40f4400, 0x00000000c4120000)
GC Heap History (10 events):
Event: 81.516 GC heap before
{Heap before GC invocations=54 (full 7):
 def new generation   total 22464K, used 5679K [0x0000000080000000, 0x0000000081860000, 0x0000000095550000)
  eden space 19968K,  18% used [0x0000000080000000, 0x00000000803919f8, 0x0000000081380000)
  from space 2496K,  81% used [0x0000000081380000, 0x000000008157a568, 0x00000000815f0000)
  to   space 2496K,   0% used [0x00000000815f0000, 0x00000000815f0000, 0x0000000081860000)
 tenured generation   total 49840K, used 30580K [0x0000000095550000, 0x00000000985fc000, 0x00000000c0000000)
   the space 49840K,  61% used [0x0000000095550000, 0x000000009732d2f8, 0x000000009732d400, 0x00000000985fc000)
 compacting perm gen  total 64768K, used 64767K [0x00000000c0000000, 0x00000000c3f40000, 0x0000000100000000)
   the space 64768K,  99% used [0x00000000c0000000, 0x00000000c3f3fe28, 0x00000000c3f40000, 0x00000000c3f40000)
No shared spaces configured.
Event: 82.353 GC heap after
Heap after GC invocations=55 (full 8):
 def new generation   total 22464K, used 0K [0x0000000080000000, 0x0000000081860000, 0x0000000095550000)
  eden space 19968K,   0% used [0x0000000080000000, 0x0000000080000000, 0x0000000081380000)
  from space 2496K,   0% used [0x0000000081380000, 0x0000000081380000, 0x00000000815f0000)
  to   space 2496K,   0% used [0x00000000815f0000, 0x00000000815f0000, 0x0000000081860000)
 tenured generation   total 49840K, used 29170K [0x0000000095550000, 0x00000000985fc000, 0x00000000c0000000)
   the space 49840K,  58% used [0x0000000095550000, 0x00000000971ccba8, 0x00000000971ccc00, 0x00000000985fc000)
 compacting perm gen  total 64768K, used 64727K [0x00000000c0000000, 0x00000000c3f40000, 0x0000000100000000)
   the space 64768K,  99% used [0x00000000c0000000, 0x00000000c3f35f18, 0x00000000c3f36000, 0x00000000c3f40000)
No shared spaces configured.
}
Event: 82.808 GC heap before
{Heap before GC invocations=55 (full 8):
 def new generation   total 22464K, used 19968K [0x0000000080000000, 0x0000000081860000, 0x0000000095550000)
  eden space 19968K, 100% used [0x0000000080000000, 0x0000000081380000, 0x0000000081380000)
  from space 2496K,   0% used [0x0000000081380000, 0x0000000081380000, 0x00000000815f0000)
  to   space 2496K,   0% used [0x00000000815f0000, 0x00000000815f0000, 0x0000000081860000)
 tenured generation   total 49840K, used 29170K [0x0000000095550000, 0x00000000985fc000, 0x00000000c0000000)
   the space 49840K,  58% used [0x0000000095550000, 0x00000000971ccba8, 0x00000000971ccc00, 0x00000000985fc000)
 compacting perm gen  total 66048K, used 65766K [0x00000000c0000000, 0x00000000c4080000, 0x0000000100000000)
   the space 66048K,  99% used [0x00000000c0000000, 0x00000000c40398a8, 0x00000000c4039a00, 0x00000000c4080000)
No shared spaces configured.
Event: 82.821 GC heap after
Heap after GC invocations=56 (full 8):
 def new generation   total 22464K, used 1201K [0x0000000080000000, 0x0000000081860000, 0x0000000095550000)
  eden space 19968K,   0% used [0x0000000080000000, 0x0000000080000000, 0x0000000081380000)
  from space 2496K,  48% used [0x00000000815f0000, 0x000000008171c650, 0x0000000081860000)
  to   space 2496K,   0% used [0x0000000081380000, 0x0000000081380000, 0x00000000815f0000)
 tenured generation   total 49840K, used 29170K [0x0000000095550000, 0x00000000985fc000, 0x00000000c0000000)
   the space 49840K,  58% used [0x0000000095550000, 0x00000000971ccba8, 0x00000000971ccc00, 0x00000000985fc000)
 compacting perm gen  total 66048K, used 65766K [0x00000000c0000000, 0x00000000c4080000, 0x0000000100000000)
   the space 66048K,  99% used [0x00000000c0000000, 0x00000000c40398a8, 0x00000000c4039a00, 0x00000000c4080000)
No shared spaces configured.
}
Event: 83.358 GC heap before
{Heap before GC invocations=56 (full 8):
 def new generation   total 22464K, used 21169K [0x0000000080000000, 0x0000000081860000, 0x0000000095550000)
  eden space 19968K, 100% used [0x0000000080000000, 0x0000000081380000, 0x0000000081380000)
  from space 2496K,  48% used [0x00000000815f0000, 0x000000008171c650, 0x0000000081860000)
  to   space 2496K,   0% used [0x0000000081380000, 0x0000000081380000, 0x00000000815f0000)
 tenured generation   total 49840K, used 29170K [0x0000000095550000, 0x00000000985fc000, 0x00000000c0000000)
   the space 49840K,  58% used [0x0000000095550000, 0x00000000971ccba8, 0x00000000971ccc00, 0x00000000985fc000)
 compacting perm gen  total 66368K, used 66282K [0x00000000c0000000, 0x00000000c40d0000, 0x0000000100000000)
   the space 66368K,  99% used [0x00000000c0000000, 0x00000000c40babd8, 0x00000000c40bac00, 0x00000000c40d0000)
No shared spaces configured.
Event: 83.371 GC heap after
Heap after GC invocations=57 (full 8):
 def new generation   total 22464K, used 1506K [0x0000000080000000, 0x0000000081860000, 0x0000000095550000)
  eden space 19968K,   0% used [0x0000000080000000, 0x0000000080000000, 0x0000000081380000)
  from space 2496K,  60% used [0x0000000081380000, 0x00000000814f8ac8, 0x00000000815f0000)
  to   space 2496K,   0% used [0x00000000815f0000, 0x00000000815f0000, 0x0000000081860000)
 tenured generation   total 49840K, used 29170K [0x0000000095550000, 0x00000000985fc000, 0x00000000c0000000)
   the space 49840K,  58% used [0x0000000095550000, 0x00000000971ccba8, 0x00000000971ccc00, 0x00000000985fc000)
 compacting perm gen  total 66368K, used 66282K [0x00000000c0000000, 0x00000000c40d0000, 0x0000000100000000)
   the space 66368K,  99% used [0x00000000c0000000, 0x00000000c40babd8, 0x00000000c40bac00, 0x00000000c40d0000)
No shared spaces configured.
}
Event: 83.879 GC heap before
{Heap before GC invocations=57 (full 8):
 def new generation   total 22464K, used 21474K [0x0000000080000000, 0x0000000081860000, 0x0000000095550000)
  eden space 19968K, 100% used [0x0000000080000000, 0x0000000081380000, 0x0000000081380000)
  from space 2496K,  60% used [0x0000000081380000, 0x00000000814f8ac8, 0x00000000815f0000)
  to   space 2496K,   0% used [0x00000000815f0000, 0x00000000815f0000, 0x0000000081860000)
 tenured generation   total 49840K, used 29170K [0x0000000095550000, 0x00000000985fc000, 0x00000000c0000000)
   the space 49840K,  58% used [0x0000000095550000, 0x00000000971ccba8, 0x00000000971ccc00, 0x00000000985fc000)
 compacting perm gen  total 66368K, used 66353K [0x00000000c0000000, 0x00000000c40d0000, 0x0000000100000000)
   the space 66368K,  99% used [0x00000000c0000000, 0x00000000c40cc7c8, 0x00000000c40cc800, 0x00000000c40d0000)
No shared spaces configured.
Event: 83.890 GC heap after
Heap after GC invocations=58 (full 8):
 def new generation   total 22464K, used 1131K [0x0000000080000000, 0x0000000081860000, 0x0000000095550000)
  eden space 19968K,   0% used [0x0000000080000000, 0x0000000080000000, 0x0000000081380000)
  from space 2496K,  45% used [0x00000000815f0000, 0x000000008170ac90, 0x0000000081860000)
  to   space 2496K,   0% used [0x0000000081380000, 0x0000000081380000, 0x00000000815f0000)
 tenured generation   total 49840K, used 29719K [0x0000000095550000, 0x00000000985fc000, 0x00000000c0000000)
   the space 49840K,  59% used [0x0000000095550000, 0x0000000097255f10, 0x0000000097256000, 0x00000000985fc000)
 compacting perm gen  total 66368K, used 66353K [0x00000000c0000000, 0x00000000c40d0000, 0x0000000100000000)
   the space 66368K,  99% used [0x00000000c0000000, 0x00000000c40cc7c8, 0x00000000c40cc800, 0x00000000c40d0000)
No shared spaces configured.
}
Event: 184.555 GC heap before
{Heap before GC invocations=58 (full 8):
 def new generation   total 22464K, used 21099K [0x0000000080000000, 0x0000000081860000, 0x0000000095550000)
  eden space 19968K, 100% used [0x0000000080000000, 0x0000000081380000, 0x0000000081380000)
  from space 2496K,  45% used [0x00000000815f0000, 0x000000008170ac90, 0x0000000081860000)
  to   space 2496K,   0% used [0x0000000081380000, 0x0000000081380000, 0x00000000815f0000)
 tenured generation   total 49840K, used 29719K [0x0000000095550000, 0x00000000985fc000, 0x00000000c0000000)
   the space 49840K,  59% used [0x0000000095550000, 0x0000000097255f10, 0x0000000097256000, 0x00000000985fc000)
 compacting perm gen  total 66688K, used 66455K [0x00000000c0000000, 0x00000000c4120000, 0x0000000100000000)
   the space 66688K,  99% used [0x00000000c0000000, 0x00000000c40e5c68, 0x00000000c40e5e00, 0x00000000c4120000)
No shared spaces configured.
Event: 184.565 GC heap after
Heap after GC invocations=59 (full 8):
 def new generation   total 22464K, used 1742K [0x0000000080000000, 0x0000000081860000, 0x0000000095550000)
  eden space 19968K,   0% used [0x0000000080000000, 0x0000000080000000, 0x0000000081380000)
  from space 2496K,  69% used [0x0000000081380000, 0x0000000081533ba0, 0x00000000815f0000)
  to   space 2496K,   0% used [0x00000000815f0000, 0x00000000815f0000, 0x0000000081860000)
 tenured generation   total 49840K, used 29719K [0x0000000095550000, 0x00000000985fc000, 0x00000000c0000000)
   the space 49840K,  59% used [0x0000000095550000, 0x0000000097255f10, 0x0000000097256000, 0x00000000985fc000)
 compacting perm gen  total 66688K, used 66455K [0x00000000c0000000, 0x00000000c4120000, 0x0000000100000000)
   the space 66688K,  99% used [0x00000000c0000000, 0x00000000c40e5c68, 0x00000000c40e5e00, 0x00000000c4120000)
No shared spaces configured.
}

